<?xml version="1.0" encoding="UTF-8"?>
<coverage generated="1739874887446" clover="3.2.0">
  <project timestamp="1739874887446" name="All files">
    <metrics statements="10" coveredstatements="10" conditionals="1" coveredconditionals="1" methods="4" coveredmethods="4" elements="15" coveredelements="15" complexity="0" loc="10" ncloc="10" packages="1" files="1" classes="1"/>
    <file name="calculator.ts" path="/Users/kevinkrause/CW/workflows/src/calculator.ts">
      <metrics statements="10" coveredstatements="10" conditionals="1" coveredconditionals="1" methods="4" coveredmethods="4"/>
      <line num="1" count="1" type="stmt"/>
      <line num="2" count="3" type="stmt"/>
      <line num="5" count="1" type="stmt"/>
      <line num="6" count="3" type="stmt"/>
      <line num="9" count="1" type="stmt"/>
      <line num="10" count="3" type="stmt"/>
      <line num="13" count="1" type="stmt"/>
      <line num="14" count="3" type="cond" truecount="1" falsecount="0"/>
      <line num="15" count="1" type="stmt"/>
      <line num="17" count="2" type="stmt"/>
    </file>
  </project>
</coverage>
