{"/Users/kevinkrause/CW/workflows/src/calculator.ts": {"path":"/Users/kevinkrause/CW/workflows/src/calculator.ts","statementMap":{"0":{"start":{"line":1,"column":0},"end":{"line":1,"column":16}},"1":{"start":{"line":5,"column":0},"end":{"line":5,"column":16}},"2":{"start":{"line":9,"column":0},"end":{"line":9,"column":16}},"3":{"start":{"line":13,"column":0},"end":{"line":13,"column":16}},"4":{"start":{"line":20,"column":0},"end":{"line":20,"column":16}},"5":{"start":{"line":24,"column":0},"end":{"line":24,"column":16}},"6":{"start":{"line":28,"column":0},"end":{"line":28,"column":16}},"7":{"start":{"line":35,"column":0},"end":{"line":35,"column":16}},"8":{"start":{"line":42,"column":0},"end":{"line":42,"column":16}},"9":{"start":{"line":2,"column":4},"end":{"line":2,"column":null}},"10":{"start":{"line":6,"column":4},"end":{"line":6,"column":null}},"11":{"start":{"line":10,"column":4},"end":{"line":10,"column":null}},"12":{"start":{"line":14,"column":4},"end":{"line":16,"column":5}},"13":{"start":{"line":15,"column":8},"end":{"line":15,"column":null}},"14":{"start":{"line":17,"column":4},"end":{"line":17,"column":null}},"15":{"start":{"line":21,"column":4},"end":{"line":21,"column":null}},"16":{"start":{"line":25,"column":4},"end":{"line":25,"column":null}},"17":{"start":{"line":29,"column":4},"end":{"line":31,"column":5}},"18":{"start":{"line":30,"column":8},"end":{"line":30,"column":null}},"19":{"start":{"line":32,"column":4},"end":{"line":32,"column":null}},"20":{"start":{"line":36,"column":4},"end":{"line":38,"column":5}},"21":{"start":{"line":37,"column":8},"end":{"line":37,"column":null}},"22":{"start":{"line":39,"column":4},"end":{"line":39,"column":null}},"23":{"start":{"line":43,"column":4},"end":{"line":45,"column":5}},"24":{"start":{"line":44,"column":8},"end":{"line":44,"column":null}},"25":{"start":{"line":46,"column":4},"end":{"line":50,"column":5}},"26":{"start":{"line":46,"column":17},"end":{"line":46,"column":18}},"27":{"start":{"line":47,"column":8},"end":{"line":49,"column":9}},"28":{"start":{"line":48,"column":12},"end":{"line":48,"column":null}},"29":{"start":{"line":51,"column":4},"end":{"line":51,"column":null}}},"fnMap":{"0":{"name":"add","decl":{"start":{"line":1,"column":16},"end":{"line":1,"column":19}},"loc":{"start":{"line":1,"column":40},"end":{"line":3,"column":1}}},"1":{"name":"subtract","decl":{"start":{"line":5,"column":16},"end":{"line":5,"column":24}},"loc":{"start":{"line":5,"column":45},"end":{"line":7,"column":1}}},"2":{"name":"multiply","decl":{"start":{"line":9,"column":16},"end":{"line":9,"column":24}},"loc":{"start":{"line":9,"column":45},"end":{"line":11,"column":1}}},"3":{"name":"divide","decl":{"start":{"line":13,"column":16},"end":{"line":13,"column":22}},"loc":{"start":{"line":13,"column":43},"end":{"line":18,"column":1}}},"4":{"name":"power","decl":{"start":{"line":20,"column":16},"end":{"line":20,"column":21}},"loc":{"start":{"line":20,"column":42},"end":{"line":22,"column":1}}},"5":{"name":"squareRoot","decl":{"start":{"line":24,"column":16},"end":{"line":24,"column":26}},"loc":{"start":{"line":24,"column":36},"end":{"line":26,"column":1}}},"6":{"name":"factorial","decl":{"start":{"line":28,"column":16},"end":{"line":28,"column":25}},"loc":{"start":{"line":28,"column":35},"end":{"line":33,"column":1}}},"7":{"name":"fibonacci","decl":{"start":{"line":35,"column":16},"end":{"line":35,"column":25}},"loc":{"start":{"line":35,"column":35},"end":{"line":40,"column":1}}},"8":{"name":"isPrime","decl":{"start":{"line":42,"column":16},"end":{"line":42,"column":23}},"loc":{"start":{"line":42,"column":33},"end":{"line":52,"column":1}}}},"branchMap":{"0":{"loc":{"start":{"line":14,"column":4},"end":{"line":16,"column":5}},"type":"if","locations":[{"start":{"line":14,"column":4},"end":{"line":16,"column":5}}]},"1":{"loc":{"start":{"line":29,"column":4},"end":{"line":31,"column":5}},"type":"if","locations":[{"start":{"line":29,"column":4},"end":{"line":31,"column":5}}]},"2":{"loc":{"start":{"line":32,"column":11},"end":{"line":32,"column":45}},"type":"cond-expr","locations":[{"start":{"line":32,"column":21},"end":{"line":32,"column":22}},{"start":{"line":32,"column":25},"end":{"line":32,"column":45}}]},"3":{"loc":{"start":{"line":36,"column":4},"end":{"line":38,"column":5}},"type":"if","locations":[{"start":{"line":36,"column":4},"end":{"line":38,"column":5}}]},"4":{"loc":{"start":{"line":39,"column":11},"end":{"line":39,"column":74}},"type":"cond-expr","locations":[{"start":{"line":39,"column":21},"end":{"line":39,"column":22}},{"start":{"line":39,"column":25},"end":{"line":39,"column":74}}]},"5":{"loc":{"start":{"line":39,"column":25},"end":{"line":39,"column":74}},"type":"cond-expr","locations":[{"start":{"line":39,"column":35},"end":{"line":39,"column":36}},{"start":{"line":39,"column":39},"end":{"line":39,"column":74}}]},"6":{"loc":{"start":{"line":43,"column":4},"end":{"line":45,"column":5}},"type":"if","locations":[{"start":{"line":43,"column":4},"end":{"line":45,"column":5}}]},"7":{"loc":{"start":{"line":47,"column":8},"end":{"line":49,"column":9}},"type":"if","locations":[{"start":{"line":47,"column":8},"end":{"line":49,"column":9}}]}},"s":{"0":1,"1":1,"2":1,"3":1,"4":1,"5":1,"6":1,"7":1,"8":1,"9":3,"10":3,"11":3,"12":3,"13":1,"14":2,"15":2,"16":2,"17":7,"18":0,"19":7,"20":15,"21":0,"22":15,"23":3,"24":0,"25":3,"26":3,"27":1,"28":1,"29":2},"f":{"0":3,"1":3,"2":3,"3":3,"4":2,"5":2,"6":7,"7":15,"8":3},"b":{"0":[1],"1":[0],"2":[2,5],"3":[0],"4":[3,12],"5":[5,7],"6":[0],"7":[1]}}
}
