TN:
SF:src/calculator.ts
FN:1,add
FN:5,subtract
FN:9,multiply
FN:13,divide
FN:20,power
FN:24,squareRoot
FN:28,factorial
FN:35,fibonacci
FN:42,isPrime
FNF:9
FNH:9
FNDA:3,add
FNDA:3,subtract
FNDA:3,multiply
FNDA:3,divide
FNDA:2,power
FNDA:2,squareRoot
FNDA:8,factorial
FNDA:16,fibonacci
FNDA:3,isPrime
DA:1,1
DA:2,3
DA:5,1
DA:6,3
DA:9,1
DA:10,3
DA:13,1
DA:14,3
DA:15,1
DA:17,2
DA:20,1
DA:21,2
DA:24,1
DA:25,2
DA:28,1
DA:29,8
DA:30,1
DA:32,7
DA:35,1
DA:36,16
DA:37,1
DA:39,15
DA:42,1
DA:43,3
DA:44,0
DA:46,3
DA:47,1
DA:48,1
DA:51,2
LF:29
LH:28
BRDA:14,0,0,1
BRDA:29,1,0,1
BRDA:32,2,0,2
BRDA:32,2,1,5
BRDA:36,3,0,1
BRDA:39,4,0,3
BRDA:39,4,1,12
BRDA:39,5,0,5
BRDA:39,5,1,7
BRDA:43,6,0,0
BRDA:47,7,0,1
BRF:11
BRH:10
end_of_record
