TN:
SF:src/calculator.ts
FN:1,add
FN:5,subtract
FN:9,multiply
FN:13,divide
FN:20,power
FN:24,squareRoot
FN:28,factorial
FN:35,fibonacci
FN:42,isPrime
FNF:9
FNH:4
FNDA:3,add
FNDA:3,subtract
FNDA:3,multiply
FNDA:3,divide
FNDA:0,power
FNDA:0,squareRoot
FNDA:0,factorial
FNDA:0,fibonacci
FNDA:0,isPrime
DA:1,1
DA:2,3
DA:5,1
DA:6,3
DA:9,1
DA:10,3
DA:13,1
DA:14,3
DA:15,1
DA:17,2
DA:20,1
DA:21,0
DA:24,1
DA:25,0
DA:28,1
DA:29,0
DA:30,0
DA:32,0
DA:35,1
DA:36,0
DA:37,0
DA:39,0
DA:42,1
DA:43,0
DA:44,0
DA:46,0
DA:47,0
DA:48,0
DA:51,0
LF:29
LH:15
BRDA:14,0,0,1
BRDA:29,1,0,0
BRDA:32,2,0,0
BRDA:32,2,1,0
BRDA:36,3,0,0
BRDA:39,4,0,0
BRDA:39,4,1,0
BRDA:39,5,0,0
BRDA:39,5,1,0
BRDA:43,6,0,0
BRDA:47,7,0,0
BRF:11
BRH:1
end_of_record
